<?xml version="1.0" encoding="utf-8"?><testsuites name="pytest tests"><testsuite name="pytest" errors="0" failures="0" skipped="0" tests="28" time="3.415" timestamp="2026-04-20T10:50:32.088141+00:00" hostname="agent-env-0904e435-8b2a-4c38-97e5-eb060778126a"><testcase classname="backend.tests.test_iteration8_approvals_apply.TestUnifiedApprovalsInbox" name="test_approvals_inbox_returns_all_queues" time="0.549" /><testcase classname="backend.tests.test_iteration8_approvals_apply.TestUnifiedApprovalsInbox" name="test_approvals_inbox_enriches_with_requester_info" time="0.048" /><testcase classname="backend.tests.test_iteration8_approvals_apply.TestPublicApplyReseller" name="test_apply_reseller_success" time="0.106" /><testcase classname="backend.tests.test_iteration8_approvals_apply.TestPublicApplyReseller" name="test_apply_reseller_rejects_without_terms" time="0.047" /><testcase classname="backend.tests.test_iteration8_approvals_apply.TestPublicApplyReseller" name="test_apply_reseller_dedupes_on_email" time="0.100" /><testcase classname="backend.tests.test_iteration8_approvals_apply.TestPublicApplyInstitution" name="test_apply_institution_success" time="0.061" /><testcase classname="backend.tests.test_iteration8_approvals_apply.TestPublicApplyInstitution" name="test_apply_institution_dedupes_on_email" time="0.099" /><testcase classname="backend.tests.test_iteration8_approvals_apply.TestAdminApplicationsResellers" name="test_list_reseller_applications" time="0.046" /><testcase classname="backend.tests.test_iteration8_approvals_apply.TestAdminApplicationsResellers" name="test_list_reseller_applications_filter_by_status" time="0.044" /><testcase classname="backend.tests.test_iteration8_approvals_apply.TestAdminApplicationsResellers" name="test_approve_reseller_creates_user" time="0.409" /><testcase classname="backend.tests.test_iteration8_approvals_apply.TestAdminApplicationsResellers" name="test_reject_reseller_application" time="0.103" /><testcase classname="backend.tests.test_iteration8_approvals_apply.TestAdminApplicationsInstitutions" name="test_list_institution_applications" time="0.050" /><testcase classname="backend.tests.test_iteration8_approvals_apply.TestAdminApplicationsInstitutions" name="test_approve_institution_creates_institution" time="0.140" /><testcase classname="backend.tests.test_iteration8_approvals_apply.TestCountryEconomics" name="test_economics_returns_unit_economics" time="0.096" /><testcase classname="backend.tests.test_iteration8_approvals_apply.TestCountryEconomics" name="test_economics_returns_pnl_windows" time="0.103" /><testcase classname="backend.tests.test_iteration8_approvals_apply.TestCountryRate" name="test_update_country_rate" time="0.324" /><testcase classname="backend.tests.test_iteration8_approvals_apply.TestCountryPrefixes" name="test_add_prefix" time="0.046" /><testcase classname="backend.tests.test_iteration8_approvals_apply.TestCountryPrefixes" name="test_delete_prefix" time="0.092" /><testcase classname="backend.tests.test_iteration8_approvals_apply.TestEconomyUsdPerCredit" name="test_usd_per_credit_exists" time="0.044" /><testcase classname="backend.tests.test_iteration8_approvals_apply.TestEconomyUsdPerCredit" name="test_usd_per_credit_editable" time="0.171" /><testcase classname="backend.tests.test_iteration8_approvals_apply.TestRegressionIteration567" name="test_auth_me" time="0.046" /><testcase classname="backend.tests.test_iteration8_approvals_apply.TestRegressionIteration567" name="test_admin_overview" time="0.063" /><testcase classname="backend.tests.test_iteration8_approvals_apply.TestRegressionIteration567" name="test_admin_users" time="0.043" /><testcase classname="backend.tests.test_iteration8_approvals_apply.TestRegressionIteration567" name="test_admin_resellers" time="0.052" /><testcase classname="backend.tests.test_iteration8_approvals_apply.TestRegressionIteration567" name="test_admin_country_hub" time="0.122" /><testcase classname="backend.tests.test_iteration8_approvals_apply.TestRegressionIteration567" name="test_admin_country_detail" time="0.073" /><testcase classname="backend.tests.test_iteration8_approvals_apply.TestRegressionIteration567" name="test_admin_integrations_health" time="0.070" /><testcase classname="backend.tests.test_iteration8_approvals_apply.TestRegressionIteration567" name="test_admin_settings" time="0.045" /></testsuite></testsuites>