<?xml version="1.0" encoding="utf-8"?><testsuites name="pytest tests"><testsuite name="pytest" errors="0" failures="0" skipped="0" tests="21" time="4.336" timestamp="2026-04-25T22:25:55.806651+00:00" hostname="agent-env-0904e435-8b2a-4c38-97e5-eb060778126a"><testcase classname="backend.tests.test_iteration15_affiliate_economics.TestCountryEconomics" name="test_get_country_economics_tz" time="0.432" /><testcase classname="backend.tests.test_iteration15_affiliate_economics.TestCountryEconomics" name="test_get_country_economics_unknown_404" time="0.052" /><testcase classname="backend.tests.test_iteration15_affiliate_economics.TestCountryEconomics" name="test_put_country_economics_tz" time="0.098" /><testcase classname="backend.tests.test_iteration15_affiliate_economics.TestCountryEconomics" name="test_country_economics_requires_admin" time="0.446" /><testcase classname="backend.tests.test_iteration15_affiliate_economics.TestCountryPnL" name="test_get_country_pnl" time="0.146" /><testcase classname="backend.tests.test_iteration15_affiliate_economics.TestCountryPnL" name="test_country_pnl_requires_admin" time="0.058" /><testcase classname="backend.tests.test_iteration15_affiliate_economics.TestAffiliateSettingsSeed" name="test_affiliate_settings_exist" time="0.053" /><testcase classname="backend.tests.test_iteration15_affiliate_economics.TestAffiliateAdminEndpoints" name="test_admin_affiliate_overview" time="0.056" /><testcase classname="backend.tests.test_iteration15_affiliate_economics.TestAffiliateAdminEndpoints" name="test_admin_affiliate_payouts_list" time="0.049" /><testcase classname="backend.tests.test_iteration15_affiliate_economics.TestAffiliateSelfService" name="test_affiliate_me" time="0.378" /><testcase classname="backend.tests.test_iteration15_affiliate_economics.TestAffiliateSelfService" name="test_affiliate_codes_list" time="0.044" /><testcase classname="backend.tests.test_iteration15_affiliate_economics.TestAffiliateSelfService" name="test_affiliate_codes_create_and_delete" time="0.092" /><testcase classname="backend.tests.test_iteration15_affiliate_economics.TestAffiliateSelfService" name="test_affiliate_codes_duplicate_400" time="0.048" /><testcase classname="backend.tests.test_iteration15_affiliate_economics.TestAffiliateSelfService" name="test_affiliate_codes_cap_5" time="0.473" /><testcase classname="backend.tests.test_iteration15_affiliate_economics.TestCommissionEngine" name="test_register_with_referral_code" time="0.426" /><testcase classname="backend.tests.test_iteration15_affiliate_economics.TestCommissionEngine" name="test_commission_on_credits_buy" time="1.127" /><testcase classname="backend.tests.test_iteration15_affiliate_economics.TestPayoutFlow" name="test_payout_below_threshold_400" time="0.060" /><testcase classname="backend.tests.test_iteration15_affiliate_economics.TestRegression" name="test_admin_login_and_settings_hub" time="0.045" /><testcase classname="backend.tests.test_iteration15_affiliate_economics.TestRegression" name="test_client_wallet_loads" time="0.056" /><testcase classname="backend.tests.test_iteration15_affiliate_economics.TestRegression" name="test_admin_banks_loads" time="0.046" /><testcase classname="backend.tests.test_iteration15_affiliate_economics.TestRegression" name="test_admin_approvals_loads" time="0.052" /></testsuite></testsuites>