<?xml version="1.0" encoding="utf-8"?><testsuites name="pytest tests"><testsuite name="pytest" errors="0" failures="0" skipped="0" tests="25" time="11.885" timestamp="2026-04-20T13:43:18.633505+00:00" hostname="agent-env-0904e435-8b2a-4c38-97e5-eb060778126a"><testcase classname="backend.tests.test_iteration9_contacts_numbers.TestNumberLookupServices" name="test_get_number_services" time="0.562" /><testcase classname="backend.tests.test_iteration9_contacts_numbers.TestNumberLookupServices" name="test_smart_validation_single" time="0.421" /><testcase classname="backend.tests.test_iteration9_contacts_numbers.TestNumberLookupServices" name="test_smart_validation_invalid_number" time="0.395" /><testcase classname="backend.tests.test_iteration9_contacts_numbers.TestNumberLookupServices" name="test_hlr_lookup_not_live_returns_400" time="0.408" /><testcase classname="backend.tests.test_iteration9_contacts_numbers.TestNumberLookupServices" name="test_bulk_validation" time="0.430" /><testcase classname="backend.tests.test_iteration9_contacts_numbers.TestNumberLookupServices" name="test_bulk_validation_max_5000" time="0.439" /><testcase classname="backend.tests.test_iteration9_contacts_numbers.TestNumberLookupServices" name="test_lookup_history" time="0.379" /><testcase classname="backend.tests.test_iteration9_contacts_numbers.TestContactGroups" name="test_create_group" time="0.473" /><testcase classname="backend.tests.test_iteration9_contacts_numbers.TestContactGroups" name="test_list_groups" time="0.396" /><testcase classname="backend.tests.test_iteration9_contacts_numbers.TestContactGroups" name="test_rename_group" time="0.544" /><testcase classname="backend.tests.test_iteration9_contacts_numbers.TestContactGroups" name="test_delete_group_removes_from_contacts" time="0.604" /><testcase classname="backend.tests.test_iteration9_contacts_numbers.TestContactGroups" name="test_assign_contact_to_groups" time="0.634" /><testcase classname="backend.tests.test_iteration9_contacts_numbers.TestContactGroups" name="test_assign_validates_group_ownership" time="0.473" /><testcase classname="backend.tests.test_iteration9_contacts_numbers.TestContactGroups" name="test_bulk_group_add" time="0.622" /><testcase classname="backend.tests.test_iteration9_contacts_numbers.TestContactGroups" name="test_bulk_group_remove" time="0.614" /><testcase classname="backend.tests.test_iteration9_contacts_numbers.TestContactExtras" name="test_create_contact_with_extras" time="0.446" /><testcase classname="backend.tests.test_iteration9_contacts_numbers.TestCampaignFailureBreakdown" name="test_campaign_detail_has_failure_breakdown" time="0.499" /><testcase classname="backend.tests.test_iteration9_contacts_numbers.TestCampaignFailureBreakdown" name="test_messages_have_failure_code_reason" time="0.388" /><testcase classname="backend.tests.test_iteration9_contacts_numbers.TestSettingsSeeded" name="test_smart_validation_cost_seeded" time="0.390" /><testcase classname="backend.tests.test_iteration9_contacts_numbers.TestSettingsSeeded" name="test_hlr_lookup_cost_seeded" time="0.397" /><testcase classname="backend.tests.test_iteration9_contacts_numbers.TestSettingsSeeded" name="test_hlr_enabled_countries_seeded_empty" time="0.424" /><testcase classname="backend.tests.test_iteration9_contacts_numbers.TestRegressionIteration8" name="test_reseller_clients_endpoint" time="0.377" /><testcase classname="backend.tests.test_iteration9_contacts_numbers.TestRegressionIteration8" name="test_admin_approvals_inbox" time="0.429" /><testcase classname="backend.tests.test_iteration9_contacts_numbers.TestRegressionIteration8" name="test_country_hub_list" time="0.474" /><testcase classname="backend.tests.test_iteration9_contacts_numbers.TestRegressionIteration8" name="test_country_economics" time="0.452" /></testsuite></testsuites>