<?xml version="1.0" encoding="utf-8"?><testsuites name="pytest tests"><testsuite name="pytest" errors="0" failures="0" skipped="0" tests="25" time="3.327" timestamp="2026-04-26T12:58:18.681320+00:00" hostname="agent-env-0904e435-8b2a-4c38-97e5-eb060778126a"><testcase classname="tests.test_iteration17_regression.TestNotificationsRoute" name="test_get_notifications" time="0.572" /><testcase classname="tests.test_iteration17_regression.TestNotificationsRoute" name="test_mark_all_read" time="0.052" /><testcase classname="tests.test_iteration17_regression.TestNotificationsRoute" name="test_notifications_requires_auth" time="0.165" /><testcase classname="tests.test_iteration17_regression.TestApiKeysRoute" name="test_list_api_keys" time="0.057" /><testcase classname="tests.test_iteration17_regression.TestApiKeysRoute" name="test_create_and_delete_api_key" time="0.092" /><testcase classname="tests.test_iteration17_regression.TestApiKeysRoute" name="test_api_keys_requires_auth" time="0.142" /><testcase classname="tests.test_iteration17_regression.TestPrefixesRoute" name="test_list_prefixes" time="0.045" /><testcase classname="tests.test_iteration17_regression.TestPrefixesRoute" name="test_list_prefixes_by_country" time="0.046" /><testcase classname="tests.test_iteration17_regression.TestPrefixesRoute" name="test_prefix_lookup" time="0.047" /><testcase classname="tests.test_iteration17_regression.TestPrefixesRoute" name="test_create_prefix_requires_admin" time="0.046" /><testcase classname="tests.test_iteration17_regression.TestPrefixesRoute" name="test_admin_can_create_prefix" time="0.455" /><testcase classname="tests.test_iteration17_regression.TestContactGroupStats" name="test_group_stats_endpoint" time="0.143" /><testcase classname="tests.test_iteration17_regression.TestContactGroupStats" name="test_group_stats_404_for_nonexistent" time="0.046" /><testcase classname="tests.test_iteration17_regression.TestAffiliateLocalCurrency" name="test_affiliate_me_has_local_currency_fields" time="0.413" /><testcase classname="tests.test_iteration17_regression.TestSmokeAllRoles" name="test_admin_login_and_dashboard" time="0.050" /><testcase classname="tests.test_iteration17_regression.TestSmokeAllRoles" name="test_reseller_login_and_dashboard" time="0.105" /><testcase classname="tests.test_iteration17_regression.TestSmokeAllRoles" name="test_client_login_and_dashboard" time="0.056" /><testcase classname="tests.test_iteration17_regression.TestRegressionTopups" name="test_wallet_topup" time="0.070" /><testcase classname="tests.test_iteration17_regression.TestRegressionBanks" name="test_list_bank_accounts" time="0.046" /><testcase classname="tests.test_iteration17_regression.TestRegressionBanks" name="test_admin_bank_accounts" time="0.046" /><testcase classname="tests.test_iteration17_regression.TestRegressionAffiliateConfig" name="test_admin_affiliate_overview" time="0.051" /><testcase classname="tests.test_iteration17_regression.TestRegressionCountryEconomics" name="test_get_country_economics" time="0.046" /><testcase classname="tests.test_iteration17_regression.TestRegressionContacts" name="test_contacts_crud" time="0.171" /><testcase classname="tests.test_iteration17_regression.TestRegressionSenderIds" name="test_list_sender_ids" time="0.059" /><testcase classname="tests.test_iteration17_regression.TestRegressionTemplates" name="test_templates_crud" time="0.147" /></testsuite></testsuites>