<?xml version="1.0" encoding="utf-8"?><testsuites name="pytest tests"><testsuite name="pytest" errors="0" failures="2" skipped="0" tests="36" time="7.878" timestamp="2026-04-20T14:17:02.765908+00:00" hostname="agent-env-0904e435-8b2a-4c38-97e5-eb060778126a"><testcase classname="backend.tests.test_iteration10_country_packs_reports.TestSetup" name="test_admin_login" time="0.573" /><testcase classname="backend.tests.test_iteration10_country_packs_reports.TestSetup" name="test_client_login" time="0.410" /><testcase classname="backend.tests.test_iteration10_country_packs_reports.TestCountryCreditPacks" name="test_create_global_pack" time="0.412" /><testcase classname="backend.tests.test_iteration10_country_packs_reports.TestCountryCreditPacks" name="test_create_tz_pack" time="0.053" /><testcase classname="backend.tests.test_iteration10_country_packs_reports.TestCountryCreditPacks" name="test_create_ke_pack" time="0.052" /><testcase classname="backend.tests.test_iteration10_country_packs_reports.TestCountryCreditPacks" name="test_admin_sees_all_packs" time="0.059" /><testcase classname="backend.tests.test_iteration10_country_packs_reports.TestCountryCreditPacks" name="test_tz_client_sees_global_and_tz_packs" time="0.390" /><testcase classname="backend.tests.test_iteration10_country_packs_reports.TestCountryPromotions" name="test_create_global_promo" time="0.397" /><testcase classname="backend.tests.test_iteration10_country_packs_reports.TestCountryPromotions" name="test_create_tz_promo" time="0.049" /><testcase classname="backend.tests.test_iteration10_country_packs_reports.TestCountryPromotions" name="test_create_ke_promo" time="0.049" /><testcase classname="backend.tests.test_iteration10_country_packs_reports.TestCountryPromotions" name="test_tz_client_can_use_global_promo" time="0.448" /><testcase classname="backend.tests.test_iteration10_country_packs_reports.TestCountryPromotions" name="test_tz_client_can_use_tz_promo" time="0.107" /><testcase classname="backend.tests.test_iteration10_country_packs_reports.TestCountryPromotions" name="test_tz_client_cannot_use_ke_promo" time="0.102" /><testcase classname="backend.tests.test_iteration10_country_packs_reports.TestAutoCleanContacts" name="test_create_test_contacts" time="0.595" /><testcase classname="backend.tests.test_iteration10_country_packs_reports.TestAutoCleanContacts" name="test_auto_clean_dry_run" time="0.218" /><testcase classname="backend.tests.test_iteration10_country_packs_reports.TestAutoCleanContacts" name="test_auto_clean_with_removal" time="0.319" /><testcase classname="backend.tests.test_iteration10_country_packs_reports.TestAutoCleanContacts" name="test_auto_clean_returns_results" time="0.222" /><testcase classname="backend.tests.test_iteration10_country_packs_reports.TestDeliveryReport" name="test_delivery_report_default" time="0.440" /><testcase classname="backend.tests.test_iteration10_country_packs_reports.TestDeliveryReport" name="test_delivery_report_7_days" time="0.103" /><testcase classname="backend.tests.test_iteration10_country_packs_reports.TestDeliveryReport" name="test_delivery_report_90_days" time="0.101" /><testcase classname="backend.tests.test_iteration10_country_packs_reports.TestDeliveryReport" name="test_delivery_report_365_days" time="0.102" /><testcase classname="backend.tests.test_iteration10_country_packs_reports.TestDeliveryReport" name="test_delivery_report_timeline_structure" time="0.110" /><testcase classname="backend.tests.test_iteration10_country_packs_reports.TestDeliveryReport" name="test_delivery_report_failure_reasons_structure" time="0.099" /><testcase classname="backend.tests.test_iteration10_country_packs_reports.TestDeliveryReport" name="test_delivery_report_by_country_structure" time="0.103" /><testcase classname="backend.tests.test_iteration10_country_packs_reports.TestRegressionIteration5to9" name="test_reseller_commission_endpoint" time="0.509" /><testcase classname="backend.tests.test_iteration10_country_packs_reports.TestRegressionIteration5to9" name="test_reseller_pricing_endpoint" time="0.053"><failure message="assert 404 == 200&#10; +  where 404 = &lt;Response [404]&gt;.status_code">backend/tests/test_iteration10_country_packs_reports.py:552: in test_reseller_pricing_endpoint
    assert resp.status_code == 200
E   assert 404 == 200
E    +  where 404 = &lt;Response [404]&gt;.status_code</failure></testcase><testcase classname="backend.tests.test_iteration10_country_packs_reports.TestRegressionIteration5to9" name="test_countries_endpoint" time="0.060" /><testcase classname="backend.tests.test_iteration10_country_packs_reports.TestRegressionIteration5to9" name="test_providers_endpoint" time="0.058" /><testcase classname="backend.tests.test_iteration10_country_packs_reports.TestRegressionIteration5to9" name="test_sender_id_requests_endpoint" time="0.060"><failure message="assert 404 == 200&#10; +  where 404 = &lt;Response [404]&gt;.status_code">backend/tests/test_iteration10_country_packs_reports.py:572: in test_sender_id_requests_endpoint
    assert resp.status_code == 200
E   assert 404 == 200
E    +  where 404 = &lt;Response [404]&gt;.status_code</failure></testcase><testcase classname="backend.tests.test_iteration10_country_packs_reports.TestRegressionIteration5to9" name="test_contact_groups_endpoint" time="0.395" /><testcase classname="backend.tests.test_iteration10_country_packs_reports.TestRegressionIteration5to9" name="test_number_services_endpoint" time="0.057" /><testcase classname="backend.tests.test_iteration10_country_packs_reports.TestRegressionIteration5to9" name="test_number_validate_endpoint" time="0.064" /><testcase classname="backend.tests.test_iteration10_country_packs_reports.TestRegressionIteration5to9" name="test_campaigns_endpoint" time="0.056" /><testcase classname="backend.tests.test_iteration10_country_packs_reports.TestRegressionIteration5to9" name="test_wallet_endpoint" time="0.049" /><testcase classname="backend.tests.test_iteration10_country_packs_reports.TestCleanup" name="test_cleanup_test_packs" time="0.598" /><testcase classname="backend.tests.test_iteration10_country_packs_reports.TestCleanup" name="test_cleanup_test_promos" time="0.205" /></testsuite></testsuites>