<?xml version="1.0" encoding="utf-8"?><testsuites name="pytest tests"><testsuite name="pytest" errors="0" failures="0" skipped="0" tests="23" time="89.604" timestamp="2026-04-26T13:08:03.348804+00:00" hostname="agent-env-0904e435-8b2a-4c38-97e5-eb060778126a"><testcase classname="backend.tests.test_iteration18_features.TestPerMessageSnapshots" name="test_quick_send_creates_message_with_snapshot_fields" time="3.668" /><testcase classname="backend.tests.test_iteration18_features.TestCountryPnL" name="test_country_pnl_endpoint" time="0.486" /><testcase classname="backend.tests.test_iteration18_features.TestCountryPnL" name="test_country_pnl_uses_message_snapshots" time="3.248" /><testcase classname="backend.tests.test_iteration18_features.TestRouteHealthMonitor" name="test_route_health_settings_exist" time="0.047" /><testcase classname="backend.tests.test_iteration18_features.TestRouteHealthMonitor" name="test_set_setting_via_put" time="0.098" /><testcase classname="backend.tests.test_iteration18_features.TestRouteHealthMonitor" name="test_route_health_threshold_triggers_alert" time="80.469" /><testcase classname="backend.tests.test_iteration18_features.TestRegressionNotifications" name="test_get_notifications" time="0.049" /><testcase classname="backend.tests.test_iteration18_features.TestRegressionApiKeys" name="test_api_keys_crud" time="0.093" /><testcase classname="backend.tests.test_iteration18_features.TestRegressionPrefixes" name="test_list_prefixes" time="0.053" /><testcase classname="backend.tests.test_iteration18_features.TestRegressionPrefixes" name="test_prefix_lookup" time="0.045" /><testcase classname="backend.tests.test_iteration18_features.TestRegressionContactGroupStats" name="test_group_stats" time="0.149" /><testcase classname="backend.tests.test_iteration18_features.TestRegressionAffiliateLocalCurrency" name="test_affiliate_me_local_fields" time="0.443" /><testcase classname="backend.tests.test_iteration18_features.TestRegressionAllRolesLogin" name="test_admin_login" time="0.050" /><testcase classname="backend.tests.test_iteration18_features.TestRegressionAllRolesLogin" name="test_reseller_login" time="0.053" /><testcase classname="backend.tests.test_iteration18_features.TestRegressionAllRolesLogin" name="test_client_login" time="0.045" /><testcase classname="backend.tests.test_iteration18_features.TestRegressionTopupsAndBanks" name="test_wallet_topup" time="0.057" /><testcase classname="backend.tests.test_iteration18_features.TestRegressionTopupsAndBanks" name="test_list_banks" time="0.046" /><testcase classname="backend.tests.test_iteration18_features.TestRegressionTopupsAndBanks" name="test_admin_banks" time="0.048" /><testcase classname="backend.tests.test_iteration18_features.TestRegressionOtherEndpoints" name="test_contacts_crud" time="0.098" /><testcase classname="backend.tests.test_iteration18_features.TestRegressionOtherEndpoints" name="test_sender_ids" time="0.049" /><testcase classname="backend.tests.test_iteration18_features.TestRegressionOtherEndpoints" name="test_templates_crud" time="0.092" /><testcase classname="backend.tests.test_iteration18_features.TestRegressionOtherEndpoints" name="test_country_economics" time="0.049" /><testcase classname="backend.tests.test_iteration18_features.TestRegressionOtherEndpoints" name="test_affiliate_overview" time="0.055" /></testsuite></testsuites>