<?xml version="1.0" encoding="utf-8"?><testsuites name="pytest tests"><testsuite name="pytest" errors="0" failures="0" skipped="0" tests="40" time="3.921" timestamp="2026-04-20T08:16:08.158440+00:00" hostname="agent-env-0904e435-8b2a-4c38-97e5-eb060778126a"><testcase classname="backend.tests.test_iteration7_country_hub.TestIntegratedAdapters" name="test_available_integrations_returns_only_3_adapters" time="0.535" /><testcase classname="backend.tests.test_iteration7_country_hub.TestIntegratedAdapters" name="test_adapters_have_required_fields" time="0.044" /><testcase classname="backend.tests.test_iteration7_country_hub.TestIntegratedAdapters" name="test_twilio_adapter_fields" time="0.045" /><testcase classname="backend.tests.test_iteration7_country_hub.TestIntegratedAdapters" name="test_tigo_tz_adapter_fields" time="0.044" /><testcase classname="backend.tests.test_iteration7_country_hub.TestIntegratedAdapters" name="test_mock_adapter_no_required_fields" time="0.046" /><testcase classname="backend.tests.test_iteration7_country_hub.TestIntegratedAdapters" name="test_available_integrations_requires_admin" time="0.386" /><testcase classname="backend.tests.test_iteration7_country_hub.TestCountryHubCatalog" name="test_country_catalog_returns_array" time="0.138" /><testcase classname="backend.tests.test_iteration7_country_hub.TestCountryHubCatalog" name="test_country_catalog_enriched_fields" time="0.135" /><testcase classname="backend.tests.test_iteration7_country_hub.TestCountryHubCatalog" name="test_country_health_structure" time="0.128" /><testcase classname="backend.tests.test_iteration7_country_hub.TestCountryHubCatalog" name="test_country_catalog_requires_admin" time="0.047" /><testcase classname="backend.tests.test_iteration7_country_hub.TestCountryWizard" name="test_wizard_creates_active_country_with_routes" time="0.093" /><testcase classname="backend.tests.test_iteration7_country_hub.TestCountryWizard" name="test_wizard_creates_draft_without_routes" time="0.047" /><testcase classname="backend.tests.test_iteration7_country_hub.TestCountryWizard" name="test_wizard_writes_credits_rate" time="0.095" /><testcase classname="backend.tests.test_iteration7_country_hub.TestCountryWizard" name="test_wizard_requires_code_and_name" time="0.044" /><testcase classname="backend.tests.test_iteration7_country_hub.TestCountryWizard" name="test_wizard_requires_admin" time="0.049" /><testcase classname="backend.tests.test_iteration7_country_hub.TestCountryDetail" name="test_country_detail_returns_full_data" time="0.216" /><testcase classname="backend.tests.test_iteration7_country_hub.TestCountryDetail" name="test_country_detail_routes_have_health" time="0.228" /><testcase classname="backend.tests.test_iteration7_country_hub.TestCountryDetail" name="test_country_detail_404_for_invalid" time="0.045" /><testcase classname="backend.tests.test_iteration7_country_hub.TestCountryStatus" name="test_set_country_paused" time="0.095" /><testcase classname="backend.tests.test_iteration7_country_hub.TestCountryStatus" name="test_set_country_active" time="0.046" /><testcase classname="backend.tests.test_iteration7_country_hub.TestCountryStatus" name="test_set_country_draft" time="0.046" /><testcase classname="backend.tests.test_iteration7_country_hub.TestCountryStatus" name="test_invalid_status_rejected" time="0.045" /><testcase classname="backend.tests.test_iteration7_country_hub.TestCountryStatus" name="test_status_404_for_invalid_country" time="0.048" /><testcase classname="backend.tests.test_iteration7_country_hub.TestCountryCompliance" name="test_update_compliance" time="0.093" /><testcase classname="backend.tests.test_iteration7_country_hub.TestCountryCompliance" name="test_compliance_empty_body_rejected" time="0.044" /><testcase classname="backend.tests.test_iteration7_country_hub.TestIntegrationHealth" name="test_health_returns_array" time="0.079" /><testcase classname="backend.tests.test_iteration7_country_hub.TestIntegrationHealth" name="test_health_provider_structure" time="0.073" /><testcase classname="backend.tests.test_iteration7_country_hub.TestIntegrationHealth" name="test_health_status_values" time="0.081" /><testcase classname="backend.tests.test_iteration7_country_hub.TestIntegrationTest" name="test_integration_test_returns_result" time="0.125" /><testcase classname="backend.tests.test_iteration7_country_hub.TestIntegrationTest" name="test_integration_test_404_invalid_provider" time="0.046" /><testcase classname="backend.tests.test_iteration7_country_hub.TestRegressionIteration5And6" name="test_auth_me" time="0.048" /><testcase classname="backend.tests.test_iteration7_country_hub.TestRegressionIteration5And6" name="test_admin_overview" time="0.065" /><testcase classname="backend.tests.test_iteration7_country_hub.TestRegressionIteration5And6" name="test_admin_resellers_list" time="0.047" /><testcase classname="backend.tests.test_iteration7_country_hub.TestRegressionIteration5And6" name="test_admin_commission_audit" time="0.048" /><testcase classname="backend.tests.test_iteration7_country_hub.TestRegressionIteration5And6" name="test_admin_settings" time="0.045" /><testcase classname="backend.tests.test_iteration7_country_hub.TestRegressionIteration5And6" name="test_admin_providers" time="0.045" /><testcase classname="backend.tests.test_iteration7_country_hub.TestRegressionIteration5And6" name="test_admin_countries_legacy" time="0.046" /><testcase classname="backend.tests.test_iteration7_country_hub.TestRegressionIteration5And6" name="test_reseller_clients" time="0.049" /><testcase classname="backend.tests.test_iteration7_country_hub.TestRegressionIteration5And6" name="test_reseller_earnings" time="0.048" /><testcase classname="backend.tests.test_iteration7_country_hub.TestSettingsHubGeographies" name="test_settings_categories_exist" time="0.049" /></testsuite></testsuites>