<?xml version="1.0" encoding="utf-8"?><testsuites name="pytest tests"><testsuite name="pytest" errors="0" failures="0" skipped="0" tests="32" time="4.447" timestamp="2026-04-26T13:57:49.356888+00:00" hostname="agent-env-0904e435-8b2a-4c38-97e5-eb060778126a"><testcase classname="backend.tests.test_iteration19_phase3_routes.TestCreditsRoutes" name="test_credits_packs_list" time="0.523" /><testcase classname="backend.tests.test_iteration19_phase3_routes.TestCreditsRoutes" name="test_credits_rates" time="0.051" /><testcase classname="backend.tests.test_iteration19_phase3_routes.TestCreditsRoutes" name="test_credits_buy_invalid_pack" time="0.050" /><testcase classname="backend.tests.test_iteration19_phase3_routes.TestCreditsRoutes" name="test_credits_recover_already_active" time="0.049" /><testcase classname="backend.tests.test_iteration19_phase3_routes.TestDlrRoutes" name="test_dlr_update" time="0.455" /><testcase classname="backend.tests.test_iteration19_phase3_routes.TestReferralsRoutes" name="test_referrals_me" time="0.048" /><testcase classname="backend.tests.test_iteration19_phase3_routes.TestProfileRoutes" name="test_profile_streak" time="0.049" /><testcase classname="backend.tests.test_iteration19_phase3_routes.TestProfileRoutes" name="test_profile_webhook_get" time="0.045" /><testcase classname="backend.tests.test_iteration19_phase3_routes.TestProfileRoutes" name="test_profile_webhook_put" time="0.107" /><testcase classname="backend.tests.test_iteration19_phase3_routes.TestWaTemplatesRoutes" name="test_wa_templates_list" time="0.053" /><testcase classname="backend.tests.test_iteration19_phase3_routes.TestWaTemplatesRoutes" name="test_wa_templates_create_and_delete" time="0.099" /><testcase classname="backend.tests.test_iteration19_phase3_routes.TestWaTemplatesRoutes" name="test_admin_wa_templates_list" time="0.053" /><testcase classname="backend.tests.test_iteration19_phase3_routes.TestWaTemplatesRoutes" name="test_admin_wa_templates_review" time="0.155" /><testcase classname="backend.tests.test_iteration19_phase3_routes.TestCountryEconomicsRoutes" name="test_country_economics_get" time="0.062" /><testcase classname="backend.tests.test_iteration19_phase3_routes.TestCountryEconomicsRoutes" name="test_country_economics_put" time="0.124" /><testcase classname="backend.tests.test_iteration19_phase3_routes.TestCountryEconomicsRoutes" name="test_country_economics_404" time="0.061" /><testcase classname="backend.tests.test_iteration19_phase3_routes.TestCountryEconomicsRoutes" name="test_country_pnl" time="0.163" /><testcase classname="backend.tests.test_iteration19_phase3_routes.TestSettingsHubRouteHealthKeys" name="test_settings_list_has_route_health_keys" time="0.058" /><testcase classname="backend.tests.test_iteration19_phase3_routes.TestSettingsHubRouteHealthKeys" name="test_settings_route_health_enabled_is_boolean" time="0.055" /><testcase classname="backend.tests.test_iteration19_phase3_routes.TestSettingsHubRouteHealthKeys" name="test_settings_route_health_numbers" time="0.055" /><testcase classname="backend.tests.test_iteration19_phase3_routes.TestSettingsHubRouteHealthKeys" name="test_settings_route_health_update" time="0.108" /><testcase classname="backend.tests.test_iteration19_phase3_routes.TestSettingsHubRouteHealthKeys" name="test_runtime_keys_not_in_notifications" time="0.055" /><testcase classname="backend.tests.test_iteration19_phase3_routes.TestRegressionIteration17" name="test_notifications_endpoint" time="0.051" /><testcase classname="backend.tests.test_iteration19_phase3_routes.TestRegressionIteration17" name="test_api_keys_endpoint" time="0.045" /><testcase classname="backend.tests.test_iteration19_phase3_routes.TestRegressionIteration17" name="test_prefixes_endpoint" time="0.055" /><testcase classname="backend.tests.test_iteration19_phase3_routes.TestRegressionIteration17" name="test_contact_group_stats" time="0.052" /><testcase classname="backend.tests.test_iteration19_phase3_routes.TestRegressionIteration17" name="test_affiliate_me_local_currency" time="0.384" /><testcase classname="backend.tests.test_iteration19_phase3_routes.TestRegressionIteration18" name="test_country_pnl_uses_snapshots" time="0.161" /><testcase classname="backend.tests.test_iteration19_phase3_routes.TestRegressionIteration18" name="test_settings_set_setting_helper" time="0.055" /><testcase classname="backend.tests.test_iteration19_phase3_routes.TestSmokeAllRoles" name="test_admin_login" time="0.340" /><testcase classname="backend.tests.test_iteration19_phase3_routes.TestSmokeAllRoles" name="test_reseller_login" time="0.359" /><testcase classname="backend.tests.test_iteration19_phase3_routes.TestSmokeAllRoles" name="test_client_login" time="0.337" /></testsuite></testsuites>