<?xml version="1.0" encoding="utf-8"?><testsuites name="pytest tests"><testsuite name="pytest" errors="0" failures="0" skipped="0" tests="35" time="14.122" timestamp="2026-05-05T15:15:21.112475+00:00" hostname="agent-env-0904e435-8b2a-4c38-97e5-eb060778126a"><testcase classname="backend.tests.test_iteration20_smpp_compliance_probes.TestProviderSMPPFields" name="test_create_smpp_provider" time="0.760" /><testcase classname="backend.tests.test_iteration20_smpp_compliance_probes.TestProviderSMPPFields" name="test_get_providers_returns_smpp_fields" time="0.143" /><testcase classname="backend.tests.test_iteration20_smpp_compliance_probes.TestProviderSMPPFields" name="test_patch_provider_smpp_fields" time="0.386" /><testcase classname="backend.tests.test_iteration20_smpp_compliance_probes.TestComplianceSpamKeyword" name="test_spam_keyword_blocks_send" time="1.218" /><testcase classname="backend.tests.test_iteration20_smpp_compliance_probes.TestComplianceSpamKeyword" name="test_spam_keyword_winner_blocks" time="0.120" /><testcase classname="backend.tests.test_iteration20_smpp_compliance_probes.TestComplianceOptOut" name="test_add_phone_to_optout" time="0.096" /><testcase classname="backend.tests.test_iteration20_smpp_compliance_probes.TestComplianceOptOut" name="test_get_optout_list" time="0.098" /><testcase classname="backend.tests.test_iteration20_smpp_compliance_probes.TestComplianceOptOut" name="test_delete_optout" time="0.205" /><testcase classname="backend.tests.test_iteration20_smpp_compliance_probes.TestComplianceOptOut" name="test_opted_out_phone_filtered_from_send" time="1.264" /><testcase classname="backend.tests.test_iteration20_smpp_compliance_probes.TestComplianceOptOut" name="test_all_opted_out_returns_400" time="0.514" /><testcase classname="backend.tests.test_iteration20_smpp_compliance_probes.TestInboundSTOPKeyword" name="test_stop_keyword_opts_out" time="0.290" /><testcase classname="backend.tests.test_iteration20_smpp_compliance_probes.TestInboundSTOPKeyword" name="test_unsubscribe_keyword_opts_out" time="0.268" /><testcase classname="backend.tests.test_iteration20_smpp_compliance_probes.TestInboundSTOPKeyword" name="test_optout_keyword_opts_out" time="0.252" /><testcase classname="backend.tests.test_iteration20_smpp_compliance_probes.TestInboundSTOPKeyword" name="test_cancel_keyword_opts_out" time="0.322" /><testcase classname="backend.tests.test_iteration20_smpp_compliance_probes.TestInboundSTOPKeyword" name="test_non_stop_message_logged" time="0.273" /><testcase classname="backend.tests.test_iteration20_smpp_compliance_probes.TestDailySendLimit" name="test_daily_limit_setting_exists" time="0.968" /><testcase classname="backend.tests.test_iteration20_smpp_compliance_probes.TestActiveProbes" name="test_probe_settings_exist" time="0.167" /><testcase classname="backend.tests.test_iteration20_smpp_compliance_probes.TestActiveProbes" name="test_provider_has_probe_fields" time="0.415" /><testcase classname="backend.tests.test_iteration20_smpp_compliance_probes.TestActiveProbes" name="test_smpp_provider_without_heartbeat_is_down" time="2.595" /><testcase classname="backend.tests.test_iteration20_smpp_compliance_probes.TestSMPPRouting" name="test_smpp_provider_creates_queued_message" time="0.668" /><testcase classname="backend.tests.test_iteration20_smpp_compliance_probes.TestRoutingSkipDown" name="test_down_provider_skipped" time="0.733" /><testcase classname="backend.tests.test_iteration20_smpp_compliance_probes.TestOptOutAdminAPI" name="test_non_admin_sees_own_additions" time="0.126" /><testcase classname="backend.tests.test_iteration20_smpp_compliance_probes.TestOptOutAdminAPI" name="test_client_cannot_add_optout" time="0.122" /><testcase classname="backend.tests.test_iteration20_smpp_compliance_probes.TestOptOutAdminAPI" name="test_client_cannot_delete_optout" time="0.123" /><testcase classname="backend.tests.test_iteration20_smpp_compliance_probes.TestRegressionIter17" name="test_notifications_endpoint" time="0.137" /><testcase classname="backend.tests.test_iteration20_smpp_compliance_probes.TestRegressionIter17" name="test_api_keys_endpoint" time="0.140" /><testcase classname="backend.tests.test_iteration20_smpp_compliance_probes.TestRegressionIter17" name="test_prefixes_endpoint" time="0.355" /><testcase classname="backend.tests.test_iteration20_smpp_compliance_probes.TestRegressionIter18" name="test_country_pnl_endpoint" time="0.213" /><testcase classname="backend.tests.test_iteration20_smpp_compliance_probes.TestRegressionIter18" name="test_route_health_settings" time="0.133" /><testcase classname="backend.tests.test_iteration20_smpp_compliance_probes.TestRegressionIter19" name="test_credits_packs_endpoint" time="0.142" /><testcase classname="backend.tests.test_iteration20_smpp_compliance_probes.TestRegressionIter19" name="test_credits_rates_endpoint" time="0.194" /><testcase classname="backend.tests.test_iteration20_smpp_compliance_probes.TestRegressionIter19" name="test_profile_streak_endpoint" time="0.152" /><testcase classname="backend.tests.test_iteration20_smpp_compliance_probes.TestRegressionIter19" name="test_referrals_me_endpoint" time="0.132" /><testcase classname="backend.tests.test_iteration20_smpp_compliance_probes.TestSettingsHubOptOutTile" name="test_settings_hub_loads" time="0.138" /><testcase classname="backend.tests.test_iteration20_smpp_compliance_probes.TestSettingsHubOptOutTile" name="test_compliance_settings_exist" time="0.144" /></testsuite></testsuites>