<?xml version="1.0" encoding="utf-8"?><testsuites name="pytest tests"><testsuite name="pytest" errors="0" failures="0" skipped="0" tests="11" time="6.187" timestamp="2026-04-26T09:11:08.104869+00:00" hostname="agent-env-0904e435-8b2a-4c38-97e5-eb060778126a"><testcase classname="backend.tests.test_iteration16_affiliate_portal.TestPrimaryCodeRename" name="test_reseller_already_renamed_cannot_rename_again" time="0.498" /><testcase classname="backend.tests.test_iteration16_affiliate_portal.TestCodeValidation" name="test_code_too_short" time="0.375" /><testcase classname="backend.tests.test_iteration16_affiliate_portal.TestCodeValidation" name="test_code_too_long" time="0.381" /><testcase classname="backend.tests.test_iteration16_affiliate_portal.TestCodeUniqueness" name="test_rename_to_existing_code_fails" time="0.758" /><testcase classname="backend.tests.test_iteration16_affiliate_portal.TestAutoMintOnRegistration" name="test_new_reseller_gets_primary_code" time="0.442" /><testcase classname="backend.tests.test_iteration16_affiliate_portal.TestPrimaryCodeRenameSuccess" name="test_fresh_reseller_can_rename_once" time="0.543" /><testcase classname="backend.tests.test_iteration16_affiliate_portal.TestPublicAttribution" name="test_register_with_referral_code_sets_referred_by" time="0.726" /><testcase classname="backend.tests.test_iteration16_affiliate_portal.TestCommissionOnTopup" name="test_commission_created_on_buy" time="1.295" /><testcase classname="backend.tests.test_iteration16_affiliate_portal.TestSecondaryCodes" name="test_create_secondary_code" time="0.481" /><testcase classname="backend.tests.test_iteration16_affiliate_portal.TestSecondaryCodes" name="test_code_cap_enforced" time="0.565" /><testcase classname="backend.tests.test_iteration16_affiliate_portal.TestResellerMeEndpoint" name="test_me_returns_correct_fields" time="0.055" /></testsuite></testsuites>