<?xml version="1.0" encoding="utf-8"?><testsuites name="pytest tests"><testsuite name="pytest" errors="0" failures="0" skipped="0" tests="18" time="5.863" timestamp="2026-04-18T10:37:52.120819+00:00" hostname="agent-env-0904e435-8b2a-4c38-97e5-eb060778126a"><testcase classname="backend.tests.test_iteration5_commission.TestResellerPricingEndpoint" name="test_reseller_pricing_get_returns_commission_structure" time="0.558" /><testcase classname="backend.tests.test_iteration5_commission.TestResellerPricingEndpoint" name="test_reseller_pricing_post_returns_405" time="0.042" /><testcase classname="backend.tests.test_iteration5_commission.TestResellerPricingEndpoint" name="test_reseller_pricing_no_markup_language" time="0.042" /><testcase classname="backend.tests.test_iteration5_commission.TestAdminCommissionEndpoints" name="test_admin_get_reseller_commissions" time="0.467" /><testcase classname="backend.tests.test_iteration5_commission.TestAdminCommissionEndpoints" name="test_admin_set_commission_override" time="0.051" /><testcase classname="backend.tests.test_iteration5_commission.TestAdminCommissionEndpoints" name="test_admin_set_commission_validates_rate_range" time="0.095" /><testcase classname="backend.tests.test_iteration5_commission.TestAdminCommissionEndpoints" name="test_admin_update_default_commission" time="0.048" /><testcase classname="backend.tests.test_iteration5_commission.TestAdminCommissionEndpoints" name="test_admin_delete_commission_override" time="0.155" /><testcase classname="backend.tests.test_iteration5_commission.TestSettingsCommissionDefault" name="test_commission_default_setting_exists" time="0.048" /><testcase classname="backend.tests.test_iteration5_commission.TestSettingsCommissionDefault" name="test_commission_default_editable" time="0.150" /><testcase classname="backend.tests.test_iteration5_commission.TestCommissionE2E" name="test_commission_flow_client_pays_base_rate" time="3.695" /><testcase classname="backend.tests.test_iteration5_commission.TestRegressionCoreEndpoints" name="test_auth_me" time="0.048" /><testcase classname="backend.tests.test_iteration5_commission.TestRegressionCoreEndpoints" name="test_wallet_me" time="0.041" /><testcase classname="backend.tests.test_iteration5_commission.TestRegressionCoreEndpoints" name="test_campaigns_list" time="0.043" /><testcase classname="backend.tests.test_iteration5_commission.TestRegressionCoreEndpoints" name="test_admin_overview" time="0.069" /><testcase classname="backend.tests.test_iteration5_commission.TestRegressionCoreEndpoints" name="test_admin_settings_get" time="0.045" /><testcase classname="backend.tests.test_iteration5_commission.TestRegressionCoreEndpoints" name="test_reseller_clients" time="0.085" /><testcase classname="backend.tests.test_iteration5_commission.TestRegressionCoreEndpoints" name="test_reseller_earnings" time="0.047" /></testsuite></testsuites>