<?xml version="1.0" encoding="utf-8"?><testsuites name="pytest tests"><testsuite name="pytest" errors="0" failures="0" skipped="0" tests="43" time="142.651" timestamp="2026-04-18T00:38:37.264422+00:00" hostname="agent-env-0904e435-8b2a-4c38-97e5-eb060778126a"><testcase classname="backend.tests.test_iteration4_features.TestPreviousIterations" name="test_admin_login" time="0.380" /><testcase classname="backend.tests.test_iteration4_features.TestPreviousIterations" name="test_reseller_login" time="0.375" /><testcase classname="backend.tests.test_iteration4_features.TestPreviousIterations" name="test_client_login" time="0.348" /><testcase classname="backend.tests.test_iteration4_features.TestPreviousIterations" name="test_wallet_me" time="0.382" /><testcase classname="backend.tests.test_iteration4_features.TestPreviousIterations" name="test_messaging_basics" time="0.396" /><testcase classname="backend.tests.test_iteration4_features.TestReferralSystem" name="test_referrals_me_returns_code" time="0.402" /><testcase classname="backend.tests.test_iteration4_features.TestReferralSystem" name="test_referrals_me_returns_settings" time="0.401" /><testcase classname="backend.tests.test_iteration4_features.TestReferralSystem" name="test_register_with_referral_code" time="0.750" /><testcase classname="backend.tests.test_iteration4_features.TestReferralSystem" name="test_referral_reward_on_pack_purchase" time="1.410" /><testcase classname="backend.tests.test_iteration4_features.TestReferralSystem" name="test_referral_not_triggered_without_purchase" time="0.841" /><testcase classname="backend.tests.test_iteration4_features.TestStreakSystem" name="test_profile_streak_returns_data" time="0.401" /><testcase classname="backend.tests.test_iteration4_features.TestStreakSystem" name="test_streak_increments_on_send" time="3.481" /><testcase classname="backend.tests.test_iteration4_features.TestWebhook" name="test_webhook_get_initial" time="0.399" /><testcase classname="backend.tests.test_iteration4_features.TestWebhook" name="test_webhook_put_and_get" time="0.549" /><testcase classname="backend.tests.test_iteration4_features.TestResellerMarkupPricing" name="test_reseller_pricing_list" time="0.402" /><testcase classname="backend.tests.test_iteration4_features.TestResellerMarkupPricing" name="test_reseller_pricing_create" time="0.395" /><testcase classname="backend.tests.test_iteration4_features.TestResellerMarkupPricing" name="test_reseller_pricing_get_after_create" time="0.492" /><testcase classname="backend.tests.test_iteration4_features.TestResellerMarkupPricing" name="test_client_cannot_access_reseller_pricing" time="0.386" /><testcase classname="backend.tests.test_iteration4_features.TestResellerMarkupPricing" name="test_reseller_markup_applied_on_send" time="4.022" /><testcase classname="backend.tests.test_iteration4_features.TestWhatsAppTemplates" name="test_client_create_wa_template" time="0.416" /><testcase classname="backend.tests.test_iteration4_features.TestWhatsAppTemplates" name="test_client_list_wa_templates" time="0.400" /><testcase classname="backend.tests.test_iteration4_features.TestWhatsAppTemplates" name="test_admin_list_all_wa_templates" time="0.395" /><testcase classname="backend.tests.test_iteration4_features.TestWhatsAppTemplates" name="test_admin_approve_wa_template" time="0.854" /><testcase classname="backend.tests.test_iteration4_features.TestWhatsAppTemplates" name="test_client_cannot_access_admin_wa_templates" time="0.392" /><testcase classname="backend.tests.test_iteration4_features.TestSmartQueue" name="test_bulk_send_2000_recipients" time="7.851" /><testcase classname="backend.tests.test_iteration4_features.TestSmartQueue" name="test_insufficient_credits_reservation_fails" time="2.296" /><testcase classname="backend.tests.test_iteration4_features.TestScheduledCampaign" name="test_scheduled_campaign_status" time="0.470" /><testcase classname="backend.tests.test_iteration4_features.TestScheduledCampaign" name="test_scheduled_campaign_fires" time="101.736" /><testcase classname="backend.tests.test_iteration4_features.TestOperatorRouting" name="test_tigo_number_routes_to_tigo_provider" time="3.953" /><testcase classname="backend.tests.test_iteration4_features.TestSettingsHub" name="test_update_referral_percent" time="0.898" /><testcase classname="backend.tests.test_iteration4_features.TestSettingsHub" name="test_update_queue_max_concurrency" time="0.437" /><testcase classname="backend.tests.test_iteration4_features.TestSettingsHub" name="test_settings_referrals_category" time="0.439" /><testcase classname="backend.tests.test_iteration4_features.TestSettingsHub" name="test_settings_streaks_category" time="0.391" /><testcase classname="backend.tests.test_iteration4_features.TestRBACNewEndpoints" name="test_reseller_pricing_requires_reseller" time="0.392" /><testcase classname="backend.tests.test_iteration4_features.TestRBACNewEndpoints" name="test_admin_wa_templates_requires_admin" time="0.864" /><testcase classname="backend.tests.test_iteration4_features.TestRBACNewEndpoints" name="test_admin_credit_packs_requires_super_admin" time="0.791" /><testcase classname="backend.tests.test_iteration4_features.TestRBACNewEndpoints" name="test_admin_margin_report_requires_super_admin_finance" time="0.790" /><testcase classname="backend.tests.test_iteration4_features.TestNoIdLeak" name="test_referrals_no_id" time="0.440" /><testcase classname="backend.tests.test_iteration4_features.TestNoIdLeak" name="test_profile_streak_no_id" time="0.386" /><testcase classname="backend.tests.test_iteration4_features.TestNoIdLeak" name="test_webhook_no_id" time="0.390" /><testcase classname="backend.tests.test_iteration4_features.TestNoIdLeak" name="test_reseller_pricing_no_id" time="0.460" /><testcase classname="backend.tests.test_iteration4_features.TestNoIdLeak" name="test_wa_templates_no_id" time="0.471" /><testcase classname="backend.tests.test_iteration4_features.TestPrefixImport" name="test_prefix_import_json_array" time="0.394" /></testsuite></testsuites>