<?xml version="1.0" encoding="utf-8"?><testsuites name="pytest tests"><testsuite name="pytest" errors="0" failures="0" skipped="0" tests="32" time="3.049" timestamp="2026-04-20T07:31:26.291167+00:00" hostname="agent-env-0904e435-8b2a-4c38-97e5-eb060778126a"><testcase classname="backend.tests.test_iteration6_resellers.TestAdminListResellers" name="test_list_resellers_returns_array" time="0.524" /><testcase classname="backend.tests.test_iteration6_resellers.TestAdminListResellers" name="test_list_resellers_has_required_fields" time="0.049" /><testcase classname="backend.tests.test_iteration6_resellers.TestAdminListResellers" name="test_list_resellers_lifetime_commission_aggregated" time="0.047" /><testcase classname="backend.tests.test_iteration6_resellers.TestAdminListResellers" name="test_list_resellers_requires_super_admin" time="0.390" /><testcase classname="backend.tests.test_iteration6_resellers.TestAdminResellerDetail" name="test_reseller_detail_returns_structure" time="0.095" /><testcase classname="backend.tests.test_iteration6_resellers.TestAdminResellerDetail" name="test_reseller_detail_wallet_has_balance" time="0.046" /><testcase classname="backend.tests.test_iteration6_resellers.TestAdminResellerDetail" name="test_reseller_detail_clients_is_array" time="0.046" /><testcase classname="backend.tests.test_iteration6_resellers.TestAdminResellerDetail" name="test_reseller_detail_404_for_invalid_id" time="0.047" /><testcase classname="backend.tests.test_iteration6_resellers.TestAdminResellerFloat" name="test_float_credit_positive_amount" time="0.140" /><testcase classname="backend.tests.test_iteration6_resellers.TestAdminResellerFloat" name="test_float_clawback_negative_amount" time="0.140" /><testcase classname="backend.tests.test_iteration6_resellers.TestAdminResellerFloat" name="test_float_rejects_zero_amount" time="0.044" /><testcase classname="backend.tests.test_iteration6_resellers.TestAdminResellerFloat" name="test_float_404_for_invalid_reseller" time="0.049" /><testcase classname="backend.tests.test_iteration6_resellers.TestAdminResellerStatus" name="test_status_change_to_suspended" time="0.048" /><testcase classname="backend.tests.test_iteration6_resellers.TestAdminResellerStatus" name="test_status_change_to_active" time="0.047" /><testcase classname="backend.tests.test_iteration6_resellers.TestAdminResellerStatus" name="test_status_rejects_invalid_status" time="0.045" /><testcase classname="backend.tests.test_iteration6_resellers.TestAdminResellerStatus" name="test_status_404_for_invalid_reseller" time="0.045" /><testcase classname="backend.tests.test_iteration6_resellers.TestAdminCommissionAudit" name="test_commission_audit_default_30_days" time="0.052" /><testcase classname="backend.tests.test_iteration6_resellers.TestAdminCommissionAudit" name="test_commission_audit_with_days_param" time="0.184" /><testcase classname="backend.tests.test_iteration6_resellers.TestAdminCommissionAudit" name="test_commission_audit_by_reseller_sorted_desc" time="0.051" /><testcase classname="backend.tests.test_iteration6_resellers.TestResellerPolicySettings" name="test_reseller_settings_exist" time="0.046" /><testcase classname="backend.tests.test_iteration6_resellers.TestResellerPolicySettings" name="test_reseller_default_commission_value" time="0.046" /><testcase classname="backend.tests.test_iteration6_resellers.TestResellerPolicySettings" name="test_reseller_settings_editable" time="0.092" /><testcase classname="backend.tests.test_iteration6_resellers.TestRegressionIteration5" name="test_auth_me" time="0.046" /><testcase classname="backend.tests.test_iteration6_resellers.TestRegressionIteration5" name="test_wallet_me" time="0.046" /><testcase classname="backend.tests.test_iteration6_resellers.TestRegressionIteration5" name="test_admin_overview" time="0.089" /><testcase classname="backend.tests.test_iteration6_resellers.TestRegressionIteration5" name="test_admin_settings" time="0.045" /><testcase classname="backend.tests.test_iteration6_resellers.TestRegressionIteration5" name="test_reseller_clients" time="0.047" /><testcase classname="backend.tests.test_iteration6_resellers.TestRegressionIteration5" name="test_reseller_earnings" time="0.047" /><testcase classname="backend.tests.test_iteration6_resellers.TestRegressionIteration5" name="test_admin_commission_get" time="0.046" /><testcase classname="backend.tests.test_iteration6_resellers.TestRegressionIteration5" name="test_messaging_campaigns" time="0.048" /><testcase classname="backend.tests.test_iteration6_resellers.TestCommissionOverrideCRUD" name="test_create_commission_override" time="0.050" /><testcase classname="backend.tests.test_iteration6_resellers.TestCommissionOverrideCRUD" name="test_delete_commission_override" time="0.094" /></testsuite></testsuites>