<?xml version="1.0" encoding="utf-8"?><testsuites name="pytest tests"><testsuite name="pytest" errors="0" failures="0" skipped="0" tests="43" time="6.320" timestamp="2026-04-22T05:21:02.960556+00:00" hostname="agent-env-0904e435-8b2a-4c38-97e5-eb060778126a"><testcase classname="backend.tests.test_iteration11_banks_topups_preflight.TestSetup" name="test_01_admin_login" time="0.462" /><testcase classname="backend.tests.test_iteration11_banks_topups_preflight.TestSetup" name="test_02_client_login" time="0.341" /><testcase classname="backend.tests.test_iteration11_banks_topups_preflight.TestBankAccountsAdmin" name="test_01_list_banks_seeded" time="0.115" /><testcase classname="backend.tests.test_iteration11_banks_topups_preflight.TestBankAccountsAdmin" name="test_02_create_bank_account" time="0.138" /><testcase classname="backend.tests.test_iteration11_banks_topups_preflight.TestBankAccountsAdmin" name="test_03_update_bank_account" time="0.109" /><testcase classname="backend.tests.test_iteration11_banks_topups_preflight.TestBankAccountsAdmin" name="test_04_verify_update" time="0.106" /><testcase classname="backend.tests.test_iteration11_banks_topups_preflight.TestBankAccountsAdmin" name="test_05_delete_bank_account" time="0.117" /><testcase classname="backend.tests.test_iteration11_banks_topups_preflight.TestBankAccountsAdmin" name="test_06_verify_delete" time="0.103" /><testcase classname="backend.tests.test_iteration11_banks_topups_preflight.TestClientBanks" name="test_01_client_banks_scoped" time="0.098" /><testcase classname="backend.tests.test_iteration11_banks_topups_preflight.TestTopupRequests" name="test_01_get_initial_credits" time="0.132" /><testcase classname="backend.tests.test_iteration11_banks_topups_preflight.TestTopupRequests" name="test_02_get_packs" time="0.107" /><testcase classname="backend.tests.test_iteration11_banks_topups_preflight.TestTopupRequests" name="test_03_get_banks_for_topup" time="0.118" /><testcase classname="backend.tests.test_iteration11_banks_topups_preflight.TestTopupRequests" name="test_04_submit_topup_request" time="0.110" /><testcase classname="backend.tests.test_iteration11_banks_topups_preflight.TestTopupRequests" name="test_05_list_my_topups" time="0.105" /><testcase classname="backend.tests.test_iteration11_banks_topups_preflight.TestTopupRequests" name="test_06_get_topup_proof" time="0.110" /><testcase classname="backend.tests.test_iteration11_banks_topups_preflight.TestTopupRequests" name="test_07_approvals_inbox_includes_topups" time="0.121" /><testcase classname="backend.tests.test_iteration11_banks_topups_preflight.TestTopupRequests" name="test_08_admin_list_topups" time="0.111" /><testcase classname="backend.tests.test_iteration11_banks_topups_preflight.TestTopupRequests" name="test_09_admin_topup_detail_includes_proof" time="0.102" /><testcase classname="backend.tests.test_iteration11_banks_topups_preflight.TestTopupRequests" name="test_10_approve_topup" time="0.113" /><testcase classname="backend.tests.test_iteration11_banks_topups_preflight.TestTopupRequests" name="test_11_verify_credits_added" time="0.109" /><testcase classname="backend.tests.test_iteration11_banks_topups_preflight.TestTopupRequests" name="test_12_verify_tx_kind_topup_bank" time="0.127" /><testcase classname="backend.tests.test_iteration11_banks_topups_preflight.TestTopupRequests" name="test_13_already_reviewed_returns_400" time="0.107" /><testcase classname="backend.tests.test_iteration11_banks_topups_preflight.TestTopupRejection" name="test_01_get_initial_credits" time="0.099" /><testcase classname="backend.tests.test_iteration11_banks_topups_preflight.TestTopupRejection" name="test_02_submit_topup_for_rejection" time="0.364" /><testcase classname="backend.tests.test_iteration11_banks_topups_preflight.TestTopupRejection" name="test_03_reject_topup" time="0.180" /><testcase classname="backend.tests.test_iteration11_banks_topups_preflight.TestTopupRejection" name="test_04_verify_no_credits_added" time="0.100" /><testcase classname="backend.tests.test_iteration11_banks_topups_preflight.TestPreflightValidation" name="test_01_get_initial_credits" time="0.106" /><testcase classname="backend.tests.test_iteration11_banks_topups_preflight.TestPreflightValidation" name="test_02_preflight_basic" time="0.138" /><testcase classname="backend.tests.test_iteration11_banks_topups_preflight.TestPreflightValidation" name="test_03_preflight_no_credit_deduction" time="0.135" /><testcase classname="backend.tests.test_iteration11_banks_topups_preflight.TestPreflightValidation" name="test_04_preflight_warning_low_valid_pct" time="0.131" /><testcase classname="backend.tests.test_iteration11_banks_topups_preflight.TestPreflightValidation" name="test_05_preflight_empty_phones_400" time="0.116" /><testcase classname="backend.tests.test_iteration11_banks_topups_preflight.TestPreflightValidation" name="test_06_preflight_samples_up_to_20" time="0.375" /><testcase classname="backend.tests.test_iteration11_banks_topups_preflight.TestCsvMappings" name="test_01_create_csv_mapping" time="0.103" /><testcase classname="backend.tests.test_iteration11_banks_topups_preflight.TestCsvMappings" name="test_02_list_csv_mappings" time="0.102" /><testcase classname="backend.tests.test_iteration11_banks_topups_preflight.TestCsvMappings" name="test_03_upsert_same_name" time="0.118" /><testcase classname="backend.tests.test_iteration11_banks_topups_preflight.TestCsvMappings" name="test_04_mark_mapping_used" time="0.122" /><testcase classname="backend.tests.test_iteration11_banks_topups_preflight.TestCsvMappings" name="test_05_verify_last_used_at" time="0.166" /><testcase classname="backend.tests.test_iteration11_banks_topups_preflight.TestCsvMappings" name="test_06_other_user_cannot_access" time="0.132" /><testcase classname="backend.tests.test_iteration11_banks_topups_preflight.TestCsvMappings" name="test_07_delete_csv_mapping" time="0.104" /><testcase classname="backend.tests.test_iteration11_banks_topups_preflight.TestCsvMappings" name="test_08_verify_delete" time="0.095" /><testcase classname="backend.tests.test_iteration11_banks_topups_preflight.TestCsvMappings" name="test_09_empty_name_400" time="0.108" /><testcase classname="backend.tests.test_iteration11_banks_topups_preflight.TestCsvMappings" name="test_10_empty_phone_column_400" time="0.105" /><testcase classname="backend.tests.test_iteration11_banks_topups_preflight.TestCleanup" name="test_cleanup_test_banks" time="0.105" /></testsuite></testsuites>