<?xml version="1.0" encoding="utf-8"?><testsuites name="pytest tests"><testsuite name="pytest" errors="0" failures="0" skipped="0" tests="25" time="5.334" timestamp="2026-04-25T18:24:15.953920+00:00" hostname="agent-env-0904e435-8b2a-4c38-97e5-eb060778126a"><testcase classname="backend.tests.test_iteration12_refactor_settings.TestSetup" name="test_01_admin_login" time="0.551" /><testcase classname="backend.tests.test_iteration12_refactor_settings.TestSetup" name="test_02_client_login" time="0.398" /><testcase classname="backend.tests.test_iteration12_refactor_settings.TestNewTunableSettings" name="test_01_get_all_settings" time="0.130" /><testcase classname="backend.tests.test_iteration12_refactor_settings.TestNewTunableSettings" name="test_02_preflight_free_sample_seeded" time="0.000" /><testcase classname="backend.tests.test_iteration12_refactor_settings.TestNewTunableSettings" name="test_03_preflight_red_threshold_seeded" time="0.000" /><testcase classname="backend.tests.test_iteration12_refactor_settings.TestNewTunableSettings" name="test_04_preflight_amber_threshold_seeded" time="0.000" /><testcase classname="backend.tests.test_iteration12_refactor_settings.TestNewTunableSettings" name="test_05_max_proof_kb_seeded" time="0.000" /><testcase classname="backend.tests.test_iteration12_refactor_settings.TestNewTunableSettings" name="test_06_update_amber_threshold" time="0.125" /><testcase classname="backend.tests.test_iteration12_refactor_settings.TestNewTunableSettings" name="test_07_verify_amber_threshold_updated" time="0.112" /><testcase classname="backend.tests.test_iteration12_refactor_settings.TestTunableBehavior" name="test_01_preflight_with_high_amber_threshold" time="0.200" /><testcase classname="backend.tests.test_iteration12_refactor_settings.TestTunableBehavior" name="test_02_reset_amber_threshold" time="0.112" /><testcase classname="backend.tests.test_iteration12_refactor_settings.TestTunableBehavior" name="test_03_update_max_proof_kb_to_small" time="0.131" /><testcase classname="backend.tests.test_iteration12_refactor_settings.TestTunableBehavior" name="test_04_topup_with_large_proof_rejected" time="0.359" /><testcase classname="backend.tests.test_iteration12_refactor_settings.TestTunableBehavior" name="test_05_reset_max_proof_kb" time="0.112" /><testcase classname="backend.tests.test_iteration12_refactor_settings.TestRegressionOtherEndpoints" name="test_01_auth_me" time="0.228" /><testcase classname="backend.tests.test_iteration12_refactor_settings.TestRegressionOtherEndpoints" name="test_02_credits_packs_local_currency" time="0.146" /><testcase classname="backend.tests.test_iteration12_refactor_settings.TestRegressionOtherEndpoints" name="test_03_admin_approvals_inbox" time="0.144" /><testcase classname="backend.tests.test_iteration12_refactor_settings.TestRegressionMigratedRouters" name="test_01_admin_banks_crud" time="0.494" /><testcase classname="backend.tests.test_iteration12_refactor_settings.TestRegressionMigratedRouters" name="test_02_client_banks" time="0.123" /><testcase classname="backend.tests.test_iteration12_refactor_settings.TestRegressionMigratedRouters" name="test_03_topup_flow" time="0.597" /><testcase classname="backend.tests.test_iteration12_refactor_settings.TestRegressionMigratedRouters" name="test_04_admin_topups" time="0.256" /><testcase classname="backend.tests.test_iteration12_refactor_settings.TestRegressionMigratedRouters" name="test_05_admin_topup_review" time="0.142" /><testcase classname="backend.tests.test_iteration12_refactor_settings.TestRegressionMigratedRouters" name="test_06_preflight" time="0.168" /><testcase classname="backend.tests.test_iteration12_refactor_settings.TestRegressionMigratedRouters" name="test_07_csv_mappings_crud" time="0.515" /><testcase classname="backend.tests.test_iteration12_refactor_settings.TestCleanup" name="test_cleanup_test_banks" time="0.166" /></testsuite></testsuites>