<?xml version="1.0" encoding="utf-8"?><testsuites name="pytest tests"><testsuite name="pytest" errors="0" failures="0" skipped="0" tests="41" time="26.388" timestamp="2026-04-18T00:07:23.085497+00:00" hostname="agent-env-0904e435-8b2a-4c38-97e5-eb060778126a"><testcase classname="backend.tests.test_iteration3_credits.TestAuthLogin" name="test_admin_login" time="0.550" /><testcase classname="backend.tests.test_iteration3_credits.TestAuthLogin" name="test_reseller_login" time="0.384" /><testcase classname="backend.tests.test_iteration3_credits.TestAuthLogin" name="test_client_login" time="0.337" /><testcase classname="backend.tests.test_iteration3_credits.TestWalletCredits" name="test_wallet_me_returns_credits" time="0.433" /><testcase classname="backend.tests.test_iteration3_credits.TestWalletCredits" name="test_reseller_wallet_balance" time="0.401" /><testcase classname="backend.tests.test_iteration3_credits.TestCreditPacks" name="test_list_packs_public" time="0.421" /><testcase classname="backend.tests.test_iteration3_credits.TestCreditPacks" name="test_buy_starter_pack" time="0.630" /><testcase classname="backend.tests.test_iteration3_credits.TestCreditPacks" name="test_buy_pack_with_promo_bonus25" time="0.512" /><testcase classname="backend.tests.test_iteration3_credits.TestCreditPacks" name="test_buy_pack_promo_below_min_no_bonus" time="0.496" /><testcase classname="backend.tests.test_iteration3_credits.TestCreditsRates" name="test_rates_returns_config" time="0.399" /><testcase classname="backend.tests.test_iteration3_credits.TestMessagingCredits" name="test_quick_send_sms_charges_credits" time="2.500" /><testcase classname="backend.tests.test_iteration3_credits.TestMessagingCredits" name="test_quick_send_whatsapp_charges_3_credits" time="0.431" /><testcase classname="backend.tests.test_iteration3_credits.TestMessagingCredits" name="test_insufficient_credits_returns_400" time="0.806" /><testcase classname="backend.tests.test_iteration3_credits.TestMobilePrefixes" name="test_list_prefixes_tz" time="0.425" /><testcase classname="backend.tests.test_iteration3_credits.TestMobilePrefixes" name="test_lookup_tigo_number" time="0.404" /><testcase classname="backend.tests.test_iteration3_credits.TestMobilePrefixes" name="test_lookup_vodacom_number" time="0.404" /><testcase classname="backend.tests.test_iteration3_credits.TestMobilePrefixes" name="test_admin_add_prefix" time="0.391" /><testcase classname="backend.tests.test_iteration3_credits.TestMobilePrefixes" name="test_client_cannot_add_prefix" time="0.391" /><testcase classname="backend.tests.test_iteration3_credits.TestMobilePrefixes" name="test_admin_import_prefixes" time="0.404" /><testcase classname="backend.tests.test_iteration3_credits.TestMobilePrefixes" name="test_admin_delete_prefix" time="0.476" /><testcase classname="backend.tests.test_iteration3_credits.TestMobilePrefixes" name="test_client_cannot_delete_prefix" time="0.853" /><testcase classname="backend.tests.test_iteration3_credits.TestAdminCreditPacks" name="test_admin_list_packs" time="0.407" /><testcase classname="backend.tests.test_iteration3_credits.TestAdminCreditPacks" name="test_admin_add_pack" time="0.429" /><testcase classname="backend.tests.test_iteration3_credits.TestAdminCreditPacks" name="test_admin_update_pack" time="0.506" /><testcase classname="backend.tests.test_iteration3_credits.TestAdminCreditPacks" name="test_admin_delete_pack" time="0.470" /><testcase classname="backend.tests.test_iteration3_credits.TestMarginReport" name="test_margin_report_structure" time="0.491" /><testcase classname="backend.tests.test_iteration3_credits.TestMarginReport" name="test_margin_report_after_send" time="2.849" /><testcase classname="backend.tests.test_iteration3_credits.TestSenderIdApprovalRenewal" name="test_sender_id_approval_charges_credits" time="0.981" /><testcase classname="backend.tests.test_iteration3_credits.TestSenderIdApprovalRenewal" name="test_sender_id_renewal" time="0.551" /><testcase classname="backend.tests.test_iteration3_credits.TestDlrWebhook" name="test_dlr_update" time="2.916" /><testcase classname="backend.tests.test_iteration3_credits.TestAccountRecovery" name="test_recover_active_account" time="0.396" /><testcase classname="backend.tests.test_iteration3_credits.TestSettingsHub" name="test_settings_credits_category" time="0.406" /><testcase classname="backend.tests.test_iteration3_credits.TestSettingsHub" name="test_update_country_rate" time="0.401" /><testcase classname="backend.tests.test_iteration3_credits.TestRBAC" name="test_client_cannot_access_admin_overview" time="0.403" /><testcase classname="backend.tests.test_iteration3_credits.TestRBAC" name="test_reseller_cannot_access_admin_overview" time="0.387" /><testcase classname="backend.tests.test_iteration3_credits.TestRBAC" name="test_client_cannot_access_admin_credit_packs" time="0.399" /><testcase classname="backend.tests.test_iteration3_credits.TestRBAC" name="test_reseller_cannot_access_admin_reports" time="0.383" /><testcase classname="backend.tests.test_iteration3_credits.TestNoIdLeak" name="test_wallet_no_id" time="0.469" /><testcase classname="backend.tests.test_iteration3_credits.TestNoIdLeak" name="test_user_no_id" time="0.474" /><testcase classname="backend.tests.test_iteration3_credits.TestNoIdLeak" name="test_credit_packs_no_id" time="0.394" /><testcase classname="backend.tests.test_iteration3_credits.TestNoIdLeak" name="test_prefixes_no_id" time="0.417" /></testsuite></testsuites>