<?xml version="1.0" encoding="utf-8"?><testsuites name="pytest tests"><testsuite name="pytest" errors="0" failures="0" skipped="0" tests="50" time="22.537" timestamp="2026-04-17T23:04:54.777686+00:00" hostname="agent-env-0904e435-8b2a-4c38-97e5-eb060778126a"><testcase classname="tests.test_unitxt_api.TestHealthCheck" name="test_api_root" time="0.116" /><testcase classname="tests.test_unitxt_api.TestAuthLogin" name="test_admin_login_success" time="0.342" /><testcase classname="tests.test_unitxt_api.TestAuthLogin" name="test_reseller_login_success" time="0.375" /><testcase classname="tests.test_unitxt_api.TestAuthLogin" name="test_client_login_success" time="0.389" /><testcase classname="tests.test_unitxt_api.TestAuthLogin" name="test_login_wrong_password" time="0.336" /><testcase classname="tests.test_unitxt_api.TestAuthMe" name="test_me_authenticated" time="0.373" /><testcase classname="tests.test_unitxt_api.TestAuthMe" name="test_me_unauthenticated" time="0.124" /><testcase classname="tests.test_unitxt_api.TestAuthRegister" name="test_register_new_client" time="0.408" /><testcase classname="tests.test_unitxt_api.TestAuthLogout" name="test_logout_clears_cookies" time="0.397" /><testcase classname="tests.test_unitxt_api.TestWallet" name="test_wallet_me" time="0.423" /><testcase classname="tests.test_unitxt_api.TestWallet" name="test_topup_with_promo" time="0.428" /><testcase classname="tests.test_unitxt_api.TestWallet" name="test_admin_topup" time="0.405" /><testcase classname="tests.test_unitxt_api.TestWallet" name="test_wallet_transactions" time="0.412" /><testcase classname="tests.test_unitxt_api.TestSenderIds" name="test_list_sender_ids" time="0.405" /><testcase classname="tests.test_unitxt_api.TestSenderIds" name="test_request_new_sender_id" time="0.384" /><testcase classname="tests.test_unitxt_api.TestMessaging" name="test_quick_send" time="0.410" /><testcase classname="tests.test_unitxt_api.TestMessaging" name="test_campaigns_list" time="2.465" /><testcase classname="tests.test_unitxt_api.TestMessaging" name="test_messages_list" time="0.390" /><testcase classname="tests.test_unitxt_api.TestMessaging" name="test_messaging_stats" time="0.386" /><testcase classname="tests.test_unitxt_api.TestMessaging" name="test_bulk_send" time="0.441" /><testcase classname="tests.test_unitxt_api.TestContacts" name="test_contacts_crud" time="0.551" /><testcase classname="tests.test_unitxt_api.TestContacts" name="test_contacts_import" time="0.402" /><testcase classname="tests.test_unitxt_api.TestTemplates" name="test_templates_crud" time="0.546" /><testcase classname="tests.test_unitxt_api.TestApiKeys" name="test_api_keys_crud" time="0.531" /><testcase classname="tests.test_unitxt_api.TestNotifications" name="test_notifications_list" time="0.394" /><testcase classname="tests.test_unitxt_api.TestNotifications" name="test_notifications_read_all" time="0.432" /><testcase classname="tests.test_unitxt_api.TestReseller" name="test_reseller_clients" time="0.409" /><testcase classname="tests.test_unitxt_api.TestReseller" name="test_reseller_transfer" time="0.427" /><testcase classname="tests.test_unitxt_api.TestReseller" name="test_reseller_earnings" time="0.381" /><testcase classname="tests.test_unitxt_api.TestReseller" name="test_reseller_code" time="0.399" /><testcase classname="tests.test_unitxt_api.TestRBAC" name="test_client_cannot_access_reseller_clients" time="0.408" /><testcase classname="tests.test_unitxt_api.TestRBAC" name="test_reseller_cannot_access_admin_overview" time="0.377" /><testcase classname="tests.test_unitxt_api.TestRBAC" name="test_client_cannot_access_admin_users" time="0.392" /><testcase classname="tests.test_unitxt_api.TestAdmin" name="test_admin_overview" time="0.394" /><testcase classname="tests.test_unitxt_api.TestAdmin" name="test_admin_users" time="0.391" /><testcase classname="tests.test_unitxt_api.TestAdmin" name="test_admin_update_user" time="0.524" /><testcase classname="tests.test_unitxt_api.TestAdmin" name="test_admin_credit_user" time="0.449" /><testcase classname="tests.test_unitxt_api.TestAdmin" name="test_admin_sender_ids" time="0.400" /><testcase classname="tests.test_unitxt_api.TestAdmin" name="test_admin_review_sender_id" time="0.451" /><testcase classname="tests.test_unitxt_api.TestAdmin" name="test_admin_countries" time="0.381" /><testcase classname="tests.test_unitxt_api.TestAdmin" name="test_admin_providers" time="0.389" /><testcase classname="tests.test_unitxt_api.TestAdmin" name="test_admin_pricing" time="0.400" /><testcase classname="tests.test_unitxt_api.TestAdmin" name="test_admin_institutions" time="0.695" /><testcase classname="tests.test_unitxt_api.TestAdmin" name="test_admin_promotions" time="0.391" /><testcase classname="tests.test_unitxt_api.TestAdmin" name="test_admin_settings" time="0.391" /><testcase classname="tests.test_unitxt_api.TestAdmin" name="test_admin_upsert_setting" time="0.390" /><testcase classname="tests.test_unitxt_api.TestAdmin" name="test_admin_audit_logs" time="0.413" /><testcase classname="tests.test_unitxt_api.TestAdmin" name="test_admin_wallets" time="0.421" /><testcase classname="tests.test_unitxt_api.TestAdmin" name="test_admin_campaigns" time="0.446" /><testcase classname="tests.test_unitxt_api.TestInsufficientBalance" name="test_insufficient_balance_for_bulk_send" time="0.423" /></testsuite></testsuites>